# JRE version: OpenJDK Runtime Environment Temurin-17.0.6+10 (17.0.6+10) (build 17.0.6+10)
# Java VM: OpenJDK 64-Bit Server VM Temurin-17.0.6+10 (17.0.6+10, mixed mode, tiered, compressed oops, compressed class ptrs, g1 gc, windows-amd64)
GC Precious Log:
 CPUs: 8 total, 8 available
 Memory: 16375M
 Large Page Support: Disabled
 NUMA Support: Disabled
 Compressed Oops: Enabled (Zero based)
 Heap Region Size: 2M
 Heap Min Capacity: 8M
 Heap Initial Capacity: 256M
 Heap Max Capacity: 4094M
 Pre-touch: Disabled
 Parallel Workers: 8
 Concurrent Workers: 2
 Concurrent Refinement Workers: 8
 Periodic GC: Disabled
Heap:
 garbage-first heap   total 409600K, used 106535K [0x0000000700200000, 0x0000000800000000)
  region size 2048K, 9 young (18432K), 9 survivors (18432K)
 Metaspace       used 68646K, committed 69504K, reserved 1114112K
  class space    used 7756K, committed 8192K, reserved 1048576K
GC Heap History (20 events):
Event: 34.207 GC heap after
{Heap after GC invocations=26 (full 0):
 garbage-first heap   total 303104K, used 93649K [0x0000000700200000, 0x0000000800000000)
  region size 2048K, 11 young (22528K), 11 survivors (22528K)
 Metaspace       used 65078K, committed 66048K, reserved 1114112K
  class space    used 7431K, committed 7872K, reserved 1048576K
}
Event: 34.774 GC heap before
{Heap before GC invocations=26 (full 0):
 garbage-first heap   total 303104K, used 247249K [0x0000000700200000, 0x0000000800000000)
  region size 2048K, 86 young (176128K), 11 survivors (22528K)
 Metaspace       used 65167K, committed 66048K, reserved 1114112K
  class space    used 7438K, committed 7872K, reserved 1048576K
}
Event: 34.785 GC heap after
{Heap after GC invocations=27 (full 0):
 garbage-first heap   total 303104K, used 88342K [0x0000000700200000, 0x0000000800000000)
  region size 2048K, 4 young (8192K), 4 survivors (8192K)
 Metaspace       used 65167K, committed 66048K, reserved 1114112K
  class space    used 7438K, committed 7872K, reserved 1048576K
}
Event: 35.351 GC heap before
{Heap before GC invocations=27 (full 0):
 garbage-first heap   total 303104K, used 246038K [0x0000000700200000, 0x0000000800000000)
  region size 2048K, 81 young (165888K), 4 survivors (8192K)
 Metaspace       used 65189K, committed 66048K, reserved 1114112K
  class space    used 7438K, committed 7872K, reserved 1048576K
}
Event: 35.356 GC heap after
{Heap after GC invocations=28 (full 0):
 garbage-first heap   total 303104K, used 88240K [0x0000000700200000, 0x0000000800000000)
  region size 2048K, 4 young (8192K), 4 survivors (8192K)
 Metaspace       used 65189K, committed 66048K, reserved 1114112K
  class space    used 7438K, committed 7872K, reserved 1048576K
}
Event: 35.947 GC heap before
{Heap before GC invocations=28 (full 0):
 garbage-first heap   total 303104K, used 247984K [0x0000000700200000, 0x0000000800000000)
  region size 2048K, 82 young (167936K), 4 survivors (8192K)
 Metaspace       used 65262K, committed 66176K, reserved 1114112K
  class space    used 7438K, committed 7872K, reserved 1048576K
}
Event: 35.953 GC heap after
{Heap after GC invocations=29 (full 0):
 garbage-first heap   total 303104K, used 89870K [0x0000000700200000, 0x0000000800000000)
  region size 2048K, 5 young (10240K), 5 survivors (10240K)
 Metaspace       used 65262K, committed 66176K, reserved 1114112K
  class space    used 7438K, committed 7872K, reserved 1048576K
}
Event: 36.469 GC heap before
{Heap before GC invocations=29 (full 0):
 garbage-first heap   total 303104K, used 249614K [0x0000000700200000, 0x0000000800000000)
  region size 2048K, 83 young (169984K), 5 survivors (10240K)
 Metaspace       used 65289K, committed 66176K, reserved 1114112K
  class space    used 7438K, committed 7872K, reserved 1048576K
}
Event: 36.476 GC heap after
{Heap after GC invocations=30 (full 0):
 garbage-first heap   total 303104K, used 93787K [0x0000000700200000, 0x0000000800000000)
  region size 2048K, 6 young (12288K), 6 survivors (12288K)
 Metaspace       used 65289K, committed 66176K, reserved 1114112K
  class space    used 7438K, committed 7872K, reserved 1048576K
}
Event: 37.391 GC heap before
{Heap before GC invocations=30 (full 0):
 garbage-first heap   total 303104K, used 251483K [0x0000000700200000, 0x0000000800000000)
  region size 2048K, 84 young (172032K), 6 survivors (12288K)
 Metaspace       used 68367K, committed 69248K, reserved 1114112K
  class space    used 7756K, committed 8192K, reserved 1048576K
}
Event: 37.402 GC heap after
{Heap after GC invocations=31 (full 0):
 garbage-first heap   total 303104K, used 98704K [0x0000000700200000, 0x0000000800000000)
  region size 2048K, 8 young (16384K), 8 survivors (16384K)
 Metaspace       used 68367K, committed 69248K, reserved 1114112K
  class space    used 7756K, committed 8192K, reserved 1048576K
}
Event: 37.663 GC heap before
{Heap before GC invocations=31 (full 0):
 garbage-first heap   total 303104K, used 250256K [0x0000000700200000, 0x0000000800000000)
  region size 2048K, 82 young (167936K), 8 survivors (16384K)
 Metaspace       used 68546K, committed 69440K, reserved 1114112K
  class space    used 7756K, committed 8192K, reserved 1048576K
}
Event: 37.674 GC heap after
{Heap after GC invocations=32 (full 0):
 garbage-first heap   total 409600K, used 101305K [0x0000000700200000, 0x0000000800000000)
  region size 2048K, 7 young (14336K), 7 survivors (14336K)
 Metaspace       used 68546K, committed 69440K, reserved 1114112K
  class space    used 7756K, committed 8192K, reserved 1048576K
}
Event: 37.979 GC heap before
{Heap before GC invocations=32 (full 0):
 garbage-first heap   total 409600K, used 332729K [0x0000000700200000, 0x0000000800000000)
  region size 2048K, 120 young (245760K), 7 survivors (14336K)
 Metaspace       used 68597K, committed 69504K, reserved 1114112K
  class space    used 7756K, committed 8192K, reserved 1048576K
}
Event: 37.990 GC heap after
{Heap after GC invocations=33 (full 0):
 garbage-first heap   total 409600K, used 103148K [0x0000000700200000, 0x0000000800000000)
  region size 2048K, 8 young (16384K), 8 survivors (16384K)
 Metaspace       used 68597K, committed 69504K, reserved 1114112K
  class space    used 7756K, committed 8192K, reserved 1048576K
}
Event: 38.231 GC heap before
{Heap before GC invocations=33 (full 0):
 garbage-first heap   total 409600K, used 332524K [0x0000000700200000, 0x0000000800000000)
  region size 2048K, 120 young (245760K), 8 survivors (16384K)
 Metaspace       used 68627K, committed 69504K, reserved 1114112K
  class space    used 7756K, committed 8192K, reserved 1048576K
}
Event: 38.241 GC heap after
{Heap after GC invocations=34 (full 0):
 garbage-first heap   total 409600K, used 104644K [0x0000000700200000, 0x0000000800000000)
  region size 2048K, 9 young (18432K), 9 survivors (18432K)
 Metaspace       used 68627K, committed 69504K, reserved 1114112K
  class space    used 7756K, committed 8192K, reserved 1048576K
}
Event: 38.429 GC heap before
{Heap before GC invocations=34 (full 0):
 garbage-first heap   total 409600K, used 331972K [0x0000000700200000, 0x0000000800000000)
  region size 2048K, 120 young (245760K), 9 survivors (18432K)
 Metaspace       used 68637K, committed 69504K, reserved 1114112K
  class space    used 7756K, committed 8192K, reserved 1048576K
}
Event: 38.440 GC heap after
{Heap after GC invocations=35 (full 0):
 garbage-first heap   total 409600K, used 105684K [0x0000000700200000, 0x0000000800000000)
  region size 2048K, 8 young (16384K), 8 survivors (16384K)
 Metaspace       used 68637K, committed 69504K, reserved 1114112K
  class space    used 7756K, committed 8192K, reserved 1048576K
}
Event: 38.655 GC heap before
{Heap before GC invocations=35 (full 0):
 garbage-first heap   total 409600K, used 335060K [0x0000000700200000, 0x0000000800000000)
  region size 2048K, 120 young (245760K), 8 survivors (16384K)
 Metaspace       used 68646K, committed 69504K, reserved 1114112K
  class space    used 7756K, committed 8192K, reserved 1048576K
}

